
> @lightscope-ce/api@0.1.0 dev /app/packages/api
> tsx src/index.ts

(node:867410) [DEP0040] DeprecationWarning: The `punycode` module is deprecated. Please use a userland alternative instead.
(Use `node --trace-deprecation ...` to show where the warning was created)
api server listening on 3001
<-- POST /api/auth/sign-up/email
[2m2026-04-15T04:22:20.506Z[0m [33mWARN[0m [1m[Better Auth]:[0m Rate limiting skipped: could not determine client IP address. If you're behind a reverse proxy, make sure to configure `trustedProxies` in your auth config.
--> POST /api/auth/sign-up/email [32m200[0m 669ms
<-- POST /api/auth/organization/create
--> POST /api/auth/organization/create [32m200[0m 69ms
<-- POST /api/auth/organization/set-active
--> POST /api/auth/organization/set-active [32m200[0m 25ms
<-- POST /api/auth/sign-up/email
--> POST /api/auth/sign-up/email [32m200[0m 296ms
<-- POST /api/auth/organization/invite-member
--> POST /api/auth/organization/invite-member [32m200[0m 29ms
<-- POST /api/auth/organization/accept-invitation
--> POST /api/auth/organization/accept-invitation [32m200[0m 32ms
<-- POST /api/auth/organization/set-active
--> POST /api/auth/organization/set-active [32m200[0m 14ms
<-- POST /gql
--> POST /gql [33m401[0m 1ms
<-- POST /gql
SyntaxError: Unexpected token 'i', "invalid-json" is not valid JSON
    at JSON.parse (<anonymous>)
    at parseJSONFromBytes (node:internal/deps/undici/undici:5852:19)
    at successSteps (node:internal/deps/undici/undici:5833:27)
    at fullyReadBody (node:internal/deps/undici/undici:4725:9)
    at process.processTicksAndRejections (node:internal/process/task_queues:103:5)
    at async consumeBody (node:internal/deps/undici/undici:5842:7)
    at async parseBody (file:///app/node_modules/.pnpm/@hono+graphql-server@0.7.0_hono@4.12.7/node_modules/@hono/graphql-server/dist/index.js:21:16)
    at async getGraphQLParams (file:///app/node_modules/.pnpm/@hono+graphql-server@0.7.0_hono@4.12.7/node_modules/@hono/graphql-server/dist/index.js:145:20)
    at async file:///app/node_modules/.pnpm/@hono+graphql-server@0.7.0_hono@4.12.7/node_modules/@hono/graphql-server/dist/index.js:55:16
    at async dispatch (file:///app/node_modules/.pnpm/hono@4.12.7/node_modules/hono/dist/compose.js:22:17)
Error: POST body sent invalid JSON: SyntaxError: Unexpected token 'i', "invalid-json" is not valid JSON
    at parseBody (file:///app/node_modules/.pnpm/@hono+graphql-server@0.7.0_hono@4.12.7/node_modules/@hono/graphql-server/dist/index.js:26:15)
    at process.processTicksAndRejections (node:internal/process/task_queues:103:5)
    at async getGraphQLParams (file:///app/node_modules/.pnpm/@hono+graphql-server@0.7.0_hono@4.12.7/node_modules/@hono/graphql-server/dist/index.js:145:20)
    at async file:///app/node_modules/.pnpm/@hono+graphql-server@0.7.0_hono@4.12.7/node_modules/@hono/graphql-server/dist/index.js:55:16
    at async dispatch (file:///app/node_modules/.pnpm/hono@4.12.7/node_modules/hono/dist/compose.js:22:17)
    at async <anonymous> (/app/packages/api/src/middlewares/organization.ts:47:12)
    at async dispatch (file:///app/node_modules/.pnpm/hono@4.12.7/node_modules/hono/dist/compose.js:22:17)
    at async <anonymous> (/app/packages/api/src/middlewares/user.ts:19:12)
    at async dispatch (file:///app/node_modules/.pnpm/hono@4.12.7/node_modules/hono/dist/compose.js:22:17)
    at async <anonymous> (/app/packages/api/src/middlewares/context.ts:12:5)
--> POST /gql [33m400[0m 29ms
<-- GET /tracker
--> GET /tracker [32m200[0m 19ms
<-- GET /tracker
--> GET /tracker [32m200[0m 17ms
<-- POST /tracker/generate
--> POST /tracker/generate [33m400[0m 18ms
<-- POST /tracker/generate
--> POST /tracker/generate [33m403[0m 12ms
<-- DELETE /tracker/some-id
--> DELETE /tracker/some-id [33m403[0m 12ms
<-- POST /tracker/generate
--> POST /tracker/generate [32m200[0m 22ms
<-- POST /tracker/generate
--> POST /tracker/generate [32m200[0m 17ms
<-- DELETE /tracker/c76ca818-63a6-4519-a170-ed465eaaa82b
--> DELETE /tracker/c76ca818-63a6-4519-a170-ed465eaaa82b [32m200[0m 19ms
<-- GET /tracker
--> GET /tracker [32m200[0m 14ms
<-- POST /gql
--> POST /gql [32m200[0m 26ms
<-- POST /gql
[2026-04-15T04:22:21.885Z][ERROR][@clickhouse/client][Connection] Query: HTTP request error.
Arguments: {
  operation: 'Query',
  connection_id: 'e468b592-b479-4115-bcde-d6b27943a333',
  query_id: '0a1b4397-dc99-49ea-a171-6d3731b433f1',
  with_abort_signal: false,
  session_id: undefined,
  decompress_response: false,
  clickhouse_settings: {}
}
Caused by: AggregateError [ECONNREFUSED]:
    at internalConnectMultiple (node:net:1134:18)
    at afterConnectMultiple (node:net:1715:7)
    at TCPConnectWrap.callbackTrampoline (node:internal/async_hooks:130:17) {
  code: 'ECONNREFUSED',
  [errors]: [
    Error: connect ECONNREFUSED ::1:8123
        at createConnectionError (node:net:1678:14)
        at afterConnectMultiple (node:net:1708:16)
        at TCPConnectWrap.callbackTrampoline (node:internal/async_hooks:130:17) {
      errno: -111,
      code: 'ECONNREFUSED',
      syscall: 'connect',
      address: '::1',
      port: 8123
    },
    Error: connect ECONNREFUSED 127.0.0.1:8123
        at createConnectionError (node:net:1678:14)
        at afterConnectMultiple (node:net:1708:16)
        at TCPConnectWrap.callbackTrampoline (node:internal/async_hooks:130:17) {
      errno: -111,
      code: 'ECONNREFUSED',
      syscall: 'connect',
      address: '127.0.0.1',
      port: 8123
    }
  ]
}
Clickhouse connection failed, returning empty array for mock testing.
--> POST /gql [32m200[0m 56ms
<-- POST /gql
[2026-04-15T04:22:21.913Z][ERROR][@clickhouse/client][Connection] Query: HTTP request error.
Arguments: {
  operation: 'Query',
  connection_id: 'e468b592-b479-4115-bcde-d6b27943a333',
  query_id: 'ef02d431-7500-4031-95d4-307d6d1bae94',
  with_abort_signal: false,
  session_id: undefined,
  decompress_response: false,
  clickhouse_settings: {}
}
Caused by: AggregateError [ECONNREFUSED]:
    at internalConnectMultiple (node:net:1134:18)
    at afterConnectMultiple (node:net:1715:7)
    at TCPConnectWrap.callbackTrampoline (node:internal/async_hooks:130:17) {
  code: 'ECONNREFUSED',
  [errors]: [
    Error: connect ECONNREFUSED ::1:8123
        at createConnectionError (node:net:1678:14)
        at afterConnectMultiple (node:net:1708:16)
        at TCPConnectWrap.callbackTrampoline (node:internal/async_hooks:130:17) {
      errno: -111,
      code: 'ECONNREFUSED',
      syscall: 'connect',
      address: '::1',
      port: 8123
    },
    Error: connect ECONNREFUSED 127.0.0.1:8123
        at createConnectionError (node:net:1678:14)
        at afterConnectMultiple (node:net:1708:16)
        at TCPConnectWrap.callbackTrampoline (node:internal/async_hooks:130:17) {
      errno: -111,
      code: 'ECONNREFUSED',
      syscall: 'connect',
      address: '127.0.0.1',
      port: 8123
    }
  ]
}
Clickhouse connection failed, returning empty array for mock testing.
RANK DATA: [ { index: 1, value: 0, url: 'mock', date: '2023-01-01 00:00:00' } ]
[2026-04-15T04:22:21.920Z][ERROR][@clickhouse/client][Connection] Query: HTTP request error.
Arguments: {
  operation: 'Query',
  connection_id: 'e468b592-b479-4115-bcde-d6b27943a333',
  query_id: '302e9384-6bea-4f58-9d18-b66b0a8a9943',
  with_abort_signal: false,
  session_id: undefined,
  decompress_response: false,
  clickhouse_settings: {}
}
Caused by: AggregateError [ECONNREFUSED]:
    at internalConnectMultiple (node:net:1134:18)
    at afterConnectMultiple (node:net:1715:7)
    at TCPConnectWrap.callbackTrampoline (node:internal/async_hooks:130:17) {
  code: 'ECONNREFUSED',
  [errors]: [
    Error: connect ECONNREFUSED ::1:8123
        at createConnectionError (node:net:1678:14)
        at afterConnectMultiple (node:net:1708:16)
        at TCPConnectWrap.callbackTrampoline (node:internal/async_hooks:130:17) {
      errno: -111,
      code: 'ECONNREFUSED',
      syscall: 'connect',
      address: '::1',
      port: 8123
    },
    Error: connect ECONNREFUSED 127.0.0.1:8123
        at createConnectionError (node:net:1678:14)
        at afterConnectMultiple (node:net:1708:16)
        at TCPConnectWrap.callbackTrampoline (node:internal/async_hooks:130:17) {
      errno: -111,
      code: 'ECONNREFUSED',
      syscall: 'connect',
      address: '127.0.0.1',
      port: 8123
    }
  ]
}
Clickhouse connection failed, returning empty array for mock testing.
--> POST /gql [32m200[0m 30ms
<-- POST /gql
[2026-04-15T04:22:21.946Z][ERROR][@clickhouse/client][Connection] Query: HTTP request error.
Arguments: {
  operation: 'Query',
  connection_id: 'e468b592-b479-4115-bcde-d6b27943a333',
  query_id: '68ba58d2-77a0-469e-b339-280019532e5e',
  with_abort_signal: false,
  session_id: undefined,
  decompress_response: false,
  clickhouse_settings: {}
}
Caused by: AggregateError [ECONNREFUSED]:
    at internalConnectMultiple (node:net:1134:18)
    at afterConnectMultiple (node:net:1715:7)
    at TCPConnectWrap.callbackTrampoline (node:internal/async_hooks:130:17) {
  code: 'ECONNREFUSED',
  [errors]: [
    Error: connect ECONNREFUSED ::1:8123
        at createConnectionError (node:net:1678:14)
        at afterConnectMultiple (node:net:1708:16)
        at TCPConnectWrap.callbackTrampoline (node:internal/async_hooks:130:17) {
      errno: -111,
      code: 'ECONNREFUSED',
      syscall: 'connect',
      address: '::1',
      port: 8123
    },
    Error: connect ECONNREFUSED 127.0.0.1:8123
        at createConnectionError (node:net:1678:14)
        at afterConnectMultiple (node:net:1708:16)
        at TCPConnectWrap.callbackTrampoline (node:internal/async_hooks:130:17) {
      errno: -111,
      code: 'ECONNREFUSED',
      syscall: 'connect',
      address: '127.0.0.1',
      port: 8123
    }
  ]
}
Clickhouse connection failed, returning empty array for mock testing.
TREND DATA: [ { index: 1, value: 0, url: 'mock', date: '2023-01-01T00:00:00Z' } ]
--> POST /gql [32m200[0m 25ms
<-- POST /gql
--> POST /gql [33m400[0m 15ms
<-- GET /health
--> GET /health [32m200[0m 0ms
 ELIFECYCLE  Command failed with exit code 143.
